<?xml version="1.0" encoding="UTF-8"?>
<testsuite xmlns:xsi="http://www.w3.org/2001/XMLSchema-instance" xsi:noNamespaceSchemaLocation="https://maven.apache.org/surefire/maven-surefire-plugin/xsd/surefire-test-report.xsd" version="3.0.2" name="com.cryptotracker.portfolio.UserServiceTest" time="0.089" tests="4" errors="0" skipped="0" failures="0">
  <properties>
[...]
</properties>
  <testcase name="testRegisterUser" classname="com.cryptotracker.portfolio.UserServiceTest" time="0.023">
    <system-out><![CDATA[2025-05-30T16:52:27.179+05:30  INFO 21516 --- [           main] t.c.s.AnnotationConfigContextLoaderUtils : Could not detect default configuration classes for test class [com.cryptotracker.portfolio.UserServiceTest]: UserServiceTest does not declare any static, non-private, non-final, nested classes annotated with @Configuration.
2025-05-30T16:52:27.179+05:30  INFO 21516 --- [           main] .b.t.c.SpringBootTestContextBootstrapper : Found @SpringBootConfiguration com.cryptotracker.portfolio.PortfolioApplication for test class com.cryptotracker.portfolio.UserServiceTest
Hibernate: select u1_0.id,u1_0.email,u1_0.name,u1_0.password,u1_0.role from user u1_0
Hibernate: delete from user where id=?
Hibernate: select u1_0.id from user u1_0 where u1_0.email=? limit ?
Hibernate: insert into user (email,name,password,role) values (?,?,?,?)
]]></system-out>
  </testcase>
  <testcase name="testLoginSuccess" classname="com.cryptotracker.portfolio.UserServiceTest" time="0.02">
    <system-out><![CDATA[Hibernate: select u1_0.id,u1_0.email,u1_0.name,u1_0.password,u1_0.role from user u1_0
Hibernate: delete from user where id=?
Hibernate: select u1_0.id from user u1_0 where u1_0.email=? limit ?
Hibernate: insert into user (email,name,password,role) values (?,?,?,?)
Hibernate: select u1_0.id,u1_0.email,u1_0.name,u1_0.password,u1_0.role from user u1_0 where u1_0.email=?
]]></system-out>
  </testcase>
  <testcase name="testLoginFailWrongPassword" classname="com.cryptotracker.portfolio.UserServiceTest" time="0.019">
    <system-out><![CDATA[Hibernate: select u1_0.id,u1_0.email,u1_0.name,u1_0.password,u1_0.role from user u1_0
Hibernate: delete from user where id=?
Hibernate: select u1_0.id from user u1_0 where u1_0.email=? limit ?
Hibernate: insert into user (email,name,password,role) values (?,?,?,?)
Hibernate: select u1_0.id,u1_0.email,u1_0.name,u1_0.password,u1_0.role from user u1_0 where u1_0.email=?
]]></system-out>
  </testcase>
  <testcase name="testDuplicateRegistrationThrowsException" classname="com.cryptotracker.portfolio.UserServiceTest" time="0.02">
    <system-out><![CDATA[Hibernate: select u1_0.id,u1_0.email,u1_0.name,u1_0.password,u1_0.role from user u1_0
Hibernate: delete from user where id=?
Hibernate: select u1_0.id from user u1_0 where u1_0.email=? limit ?
Hibernate: insert into user (email,name,password,role) values (?,?,?,?)
Hibernate: select u1_0.id from user u1_0 where u1_0.email=? limit ?
]]></system-out>
  </testcase>
</testsuite>